{
    "/Users/muriloazarias/Documents/Devstuff/3points-test/resources/js/app.js": {
        "path": "/Users/muriloazarias/Documents/Devstuff/3points-test/resources/js/app.js",
        "statementMap": {},
        "fnMap": {},
        "branchMap": {},
        "s": {},
        "f": {},
        "b": {}
    },
    "/Users/muriloazarias/Documents/Devstuff/3points-test/resources/js/comments.js": {
        "path": "/Users/muriloazarias/Documents/Devstuff/3points-test/resources/js/comments.js",
        "statementMap": {
            "0": { "start": { "line": 7, "column": 8 }, "end": { "line": 7, "column": 45 } },
            "1": { "start": { "line": 8, "column": 8 }, "end": { "line": 8, "column": 20 } },
            "2": { "start": { "line": 12, "column": 22 }, "end": { "line": 12, "column": 71 } },
            "3": { "start": { "line": 13, "column": 8 }, "end": { "line": 13, "column": 60 } },
            "4": { "start": { "line": 18, "column": 28 }, "end": { "line": 18, "column": 67 } },
            "5": { "start": { "line": 19, "column": 8 }, "end": { "line": 21, "column": 9 } },
            "6": { "start": { "line": 20, "column": 12 }, "end": { "line": 20, "column": 87 } },
            "7": { "start": { "line": 20, "column": 58 }, "end": { "line": 20, "column": 85 } },
            "8": { "start": { "line": 25, "column": 8 }, "end": { "line": 25, "column": 31 } },
            "9": { "start": { "line": 27, "column": 21 }, "end": { "line": 27, "column": 33 } },
            "10": { "start": { "line": 28, "column": 25 }, "end": { "line": 28, "column": 43 } },
            "11": { "start": { "line": 29, "column": 24 }, "end": { "line": 29, "column": 47 } },
            "12": { "start": { "line": 31, "column": 8 }, "end": { "line": 33, "column": 9 } },
            "13": { "start": { "line": 32, "column": 12 }, "end": { "line": 32, "column": 24 } },
            "14": { "start": { "line": 35, "column": 8 }, "end": { "line": 68, "column": 9 } },
            "15": { "start": { "line": 36, "column": 29 }, "end": { "line": 44, "column": 14 } },
            "16": { "start": { "line": 46, "column": 25 }, "end": { "line": 46, "column": 46 } },
            "17": { "start": { "line": 48, "column": 12 }, "end": { "line": 64, "column": 13 } },
            "18": { "start": { "line": 50, "column": 37 }, "end": { "line": 50, "column": 79 } },
            "19": { "start": { "line": 51, "column": 16 }, "end": { "line": 53, "column": 17 } },
            "20": { "start": { "line": 52, "column": 20 }, "end": { "line": 52, "column": 44 } },
            "21": { "start": { "line": 56, "column": 16 }, "end": { "line": 58, "column": 17 } },
            "22": { "start": { "line": 57, "column": 20 }, "end": { "line": 57, "column": 64 } },
            "23": { "start": { "line": 60, "column": 16 }, "end": { "line": 60, "column": 28 } },
            "24": { "start": { "line": 62, "column": 16 }, "end": { "line": 62, "column": 93 } },
            "25": { "start": { "line": 63, "column": 16 }, "end": { "line": 63, "column": 28 } },
            "26": { "start": { "line": 66, "column": 12 }, "end": { "line": 66, "column": 62 } },
            "27": { "start": { "line": 67, "column": 12 }, "end": { "line": 67, "column": 24 } },
            "28": { "start": { "line": 72, "column": 30 }, "end": { "line": 72, "column": 73 } },
            "29": { "start": { "line": 73, "column": 8 }, "end": { "line": 75, "column": 11 } },
            "30": { "start": { "line": 74, "column": 12 }, "end": { "line": 74, "column": 40 } },
            "31": { "start": { "line": 79, "column": 21 }, "end": { "line": 79, "column": 71 } },
            "32": { "start": { "line": 80, "column": 8 }, "end": { "line": 82, "column": 9 } },
            "33": { "start": { "line": 81, "column": 12 }, "end": { "line": 81, "column": 44 } },
            "34": { "start": { "line": 86, "column": 8 }, "end": { "line": 88, "column": 9 } },
            "35": { "start": { "line": 87, "column": 12 }, "end": { "line": 87, "column": 25 } },
            "36": { "start": { "line": 90, "column": 8 }, "end": { "line": 114, "column": 9 } },
            "37": { "start": { "line": 91, "column": 29 }, "end": { "line": 97, "column": 14 } },
            "38": { "start": { "line": 99, "column": 25 }, "end": { "line": 99, "column": 46 } },
            "39": { "start": { "line": 101, "column": 12 }, "end": { "line": 110, "column": 13 } },
            "40": { "start": { "line": 102, "column": 39 }, "end": { "line": 102, "column": 97 } },
            "41": { "start": { "line": 103, "column": 16 }, "end": { "line": 105, "column": 17 } },
            "42": { "start": { "line": 104, "column": 20 }, "end": { "line": 104, "column": 44 } },
            "43": { "start": { "line": 106, "column": 16 }, "end": { "line": 106, "column": 28 } },
            "44": { "start": { "line": 108, "column": 16 }, "end": { "line": 108, "column": 92 } },
            "45": { "start": { "line": 109, "column": 16 }, "end": { "line": 109, "column": 29 } },
            "46": { "start": { "line": 112, "column": 12 }, "end": { "line": 112, "column": 60 } },
            "47": { "start": { "line": 113, "column": 12 }, "end": { "line": 113, "column": 25 } },
            "48": { "start": { "line": 119, "column": 0 }, "end": { "line": 122, "column": 2 } },
            "49": { "start": { "line": 120, "column": 27 }, "end": { "line": 120, "column": 47 } },
            "50": { "start": { "line": 121, "column": 4 }, "end": { "line": 121, "column": 46 } },
            "51": { "start": { "line": 124, "column": 0 }, "end": { "line": 127, "column": 2 } },
            "52": { "start": { "line": 125, "column": 27 }, "end": { "line": 125, "column": 47 } },
            "53": { "start": { "line": 126, "column": 4 }, "end": { "line": 126, "column": 57 } },
            "54": { "start": { "line": 130, "column": 0 }, "end": { "line": 132, "column": 3 } },
            "55": { "start": { "line": 131, "column": 4 }, "end": { "line": 131, "column": 25 } }
        },
        "fnMap": {
            "0": {
                "name": "(anonymous_0)",
                "decl": { "start": { "line": 6, "column": 4 }, "end": { "line": 6, "column": 5 } },
                "loc": { "start": { "line": 6, "column": 18 }, "end": { "line": 9, "column": 5 } },
                "line": 6
            },
            "1": {
                "name": "(anonymous_1)",
                "decl": { "start": { "line": 11, "column": 4 }, "end": { "line": 11, "column": 5 } },
                "loc": { "start": { "line": 11, "column": 19 }, "end": { "line": 14, "column": 5 } },
                "line": 11
            },
            "2": {
                "name": "(anonymous_2)",
                "decl": { "start": { "line": 16, "column": 4 }, "end": { "line": 16, "column": 5 } },
                "loc": { "start": { "line": 16, "column": 11 }, "end": { "line": 22, "column": 5 } },
                "line": 16
            },
            "3": {
                "name": "(anonymous_3)",
                "decl": { "start": { "line": 20, "column": 51 }, "end": { "line": 20, "column": 52 } },
                "loc": { "start": { "line": 20, "column": 58 }, "end": { "line": 20, "column": 85 } },
                "line": 20
            },
            "4": {
                "name": "(anonymous_4)",
                "decl": { "start": { "line": 24, "column": 4 }, "end": { "line": 24, "column": 5 } },
                "loc": { "start": { "line": 24, "column": 37 }, "end": { "line": 69, "column": 5 } },
                "line": 24
            },
            "5": {
                "name": "(anonymous_5)",
                "decl": { "start": { "line": 71, "column": 4 }, "end": { "line": 71, "column": 5 } },
                "loc": { "start": { "line": 71, "column": 30 }, "end": { "line": 76, "column": 5 } },
                "line": 71
            },
            "6": {
                "name": "(anonymous_6)",
                "decl": { "start": { "line": 73, "column": 30 }, "end": { "line": 73, "column": 31 } },
                "loc": { "start": { "line": 73, "column": 43 }, "end": { "line": 75, "column": 9 } },
                "line": 73
            },
            "7": {
                "name": "(anonymous_7)",
                "decl": { "start": { "line": 78, "column": 4 }, "end": { "line": 78, "column": 5 } },
                "loc": { "start": { "line": 78, "column": 31 }, "end": { "line": 83, "column": 5 } },
                "line": 78
            },
            "8": {
                "name": "(anonymous_8)",
                "decl": { "start": { "line": 85, "column": 4 }, "end": { "line": 85, "column": 5 } },
                "loc": { "start": { "line": 85, "column": 35 }, "end": { "line": 115, "column": 5 } },
                "line": 85
            },
            "9": {
                "name": "(anonymous_9)",
                "decl": { "start": { "line": 119, "column": 25 }, "end": { "line": 119, "column": 26 } },
                "loc": { "start": { "line": 119, "column": 46 }, "end": { "line": 122, "column": 1 } },
                "line": 119
            },
            "10": {
                "name": "(anonymous_10)",
                "decl": { "start": { "line": 124, "column": 23 }, "end": { "line": 124, "column": 24 } },
                "loc": { "start": { "line": 124, "column": 50 }, "end": { "line": 127, "column": 1 } },
                "line": 124
            },
            "11": {
                "name": "(anonymous_11)",
                "decl": { "start": { "line": 130, "column": 46 }, "end": { "line": 130, "column": 47 } },
                "loc": { "start": { "line": 130, "column": 52 }, "end": { "line": 132, "column": 1 } },
                "line": 130
            }
        },
        "branchMap": {
            "0": {
                "loc": { "start": { "line": 13, "column": 15 }, "end": { "line": 13, "column": 59 } },
                "type": "cond-expr",
                "locations": [
                    { "start": { "line": 13, "column": 23 }, "end": { "line": 13, "column": 52 } },
                    { "start": { "line": 13, "column": 55 }, "end": { "line": 13, "column": 59 } }
                ],
                "line": 13
            },
            "1": {
                "loc": { "start": { "line": 19, "column": 8 }, "end": { "line": 21, "column": 9 } },
                "type": "if",
                "locations": [
                    { "start": { "line": 19, "column": 8 }, "end": { "line": 21, "column": 9 } },
                    { "start": {}, "end": {} }
                ],
                "line": 19
            },
            "2": {
                "loc": { "start": { "line": 31, "column": 8 }, "end": { "line": 33, "column": 9 } },
                "type": "if",
                "locations": [
                    { "start": { "line": 31, "column": 8 }, "end": { "line": 33, "column": 9 } },
                    { "start": {}, "end": {} }
                ],
                "line": 31
            },
            "3": {
                "loc": { "start": { "line": 31, "column": 12 }, "end": { "line": 31, "column": 45 } },
                "type": "binary-expr",
                "locations": [
                    { "start": { "line": 31, "column": 12 }, "end": { "line": 31, "column": 20 } },
                    { "start": { "line": 31, "column": 24 }, "end": { "line": 31, "column": 45 } }
                ],
                "line": 31
            },
            "4": {
                "loc": { "start": { "line": 48, "column": 12 }, "end": { "line": 64, "column": 13 } },
                "type": "if",
                "locations": [
                    { "start": { "line": 48, "column": 12 }, "end": { "line": 64, "column": 13 } },
                    { "start": { "line": 61, "column": 19 }, "end": { "line": 64, "column": 13 } }
                ],
                "line": 48
            },
            "5": {
                "loc": { "start": { "line": 51, "column": 16 }, "end": { "line": 53, "column": 17 } },
                "type": "if",
                "locations": [
                    { "start": { "line": 51, "column": 16 }, "end": { "line": 53, "column": 17 } },
                    { "start": {}, "end": {} }
                ],
                "line": 51
            },
            "6": {
                "loc": { "start": { "line": 56, "column": 16 }, "end": { "line": 58, "column": 17 } },
                "type": "if",
                "locations": [
                    { "start": { "line": 56, "column": 16 }, "end": { "line": 58, "column": 17 } },
                    { "start": {}, "end": {} }
                ],
                "line": 56
            },
            "7": {
                "loc": { "start": { "line": 62, "column": 60 }, "end": { "line": 62, "column": 91 } },
                "type": "binary-expr",
                "locations": [
                    { "start": { "line": 62, "column": 60 }, "end": { "line": 62, "column": 72 } },
                    { "start": { "line": 62, "column": 76 }, "end": { "line": 62, "column": 91 } }
                ],
                "line": 62
            },
            "8": {
                "loc": { "start": { "line": 80, "column": 8 }, "end": { "line": 82, "column": 9 } },
                "type": "if",
                "locations": [
                    { "start": { "line": 80, "column": 8 }, "end": { "line": 82, "column": 9 } },
                    { "start": {}, "end": {} }
                ],
                "line": 80
            },
            "9": {
                "loc": { "start": { "line": 86, "column": 8 }, "end": { "line": 88, "column": 9 } },
                "type": "if",
                "locations": [
                    { "start": { "line": 86, "column": 8 }, "end": { "line": 88, "column": 9 } },
                    { "start": {}, "end": {} }
                ],
                "line": 86
            },
            "10": {
                "loc": { "start": { "line": 101, "column": 12 }, "end": { "line": 110, "column": 13 } },
                "type": "if",
                "locations": [
                    { "start": { "line": 101, "column": 12 }, "end": { "line": 110, "column": 13 } },
                    { "start": { "line": 107, "column": 19 }, "end": { "line": 110, "column": 13 } }
                ],
                "line": 101
            },
            "11": {
                "loc": { "start": { "line": 103, "column": 16 }, "end": { "line": 105, "column": 17 } },
                "type": "if",
                "locations": [
                    { "start": { "line": 103, "column": 16 }, "end": { "line": 105, "column": 17 } },
                    { "start": {}, "end": {} }
                ],
                "line": 103
            },
            "12": {
                "loc": { "start": { "line": 108, "column": 59 }, "end": { "line": 108, "column": 90 } },
                "type": "binary-expr",
                "locations": [
                    { "start": { "line": 108, "column": 59 }, "end": { "line": 108, "column": 71 } },
                    { "start": { "line": 108, "column": 75 }, "end": { "line": 108, "column": 90 } }
                ],
                "line": 108
            }
        },
        "s": {
            "0": 15,
            "1": 15,
            "2": 15,
            "3": 15,
            "4": 15,
            "5": 15,
            "6": 6,
            "7": 0,
            "8": 6,
            "9": 6,
            "10": 6,
            "11": 6,
            "12": 6,
            "13": 1,
            "14": 5,
            "15": 5,
            "16": 4,
            "17": 4,
            "18": 3,
            "19": 3,
            "20": 3,
            "21": 3,
            "22": 2,
            "23": 3,
            "24": 1,
            "25": 1,
            "26": 1,
            "27": 1,
            "28": 3,
            "29": 3,
            "30": 4,
            "31": 3,
            "32": 3,
            "33": 2,
            "34": 4,
            "35": 1,
            "36": 3,
            "37": 3,
            "38": 2,
            "39": 2,
            "40": 1,
            "41": 1,
            "42": 1,
            "43": 1,
            "44": 1,
            "45": 1,
            "46": 1,
            "47": 1,
            "48": 1,
            "49": 0,
            "50": 0,
            "51": 1,
            "52": 0,
            "53": 0,
            "54": 1,
            "55": 0
        },
        "f": { "0": 15, "1": 15, "2": 15, "3": 0, "4": 6, "5": 3, "6": 4, "7": 3, "8": 4, "9": 0, "10": 0, "11": 0 },
        "b": {
            "0": [14, 1],
            "1": [6, 9],
            "2": [1, 5],
            "3": [6, 5],
            "4": [3, 1],
            "5": [3, 0],
            "6": [2, 1],
            "7": [1, 0],
            "8": [2, 1],
            "9": [1, 3],
            "10": [1, 1],
            "11": [1, 0],
            "12": [1, 0]
        },
        "_coverageSchema": "1a1c01bbd47fc00a2c39e90264f33305004495a9",
        "hash": "e0c21da13d5a048285ae341f2b465f8324f191b2"
    },
    "/Users/muriloazarias/Documents/Devstuff/3points-test/resources/js/voting.js": {
        "path": "/Users/muriloazarias/Documents/Devstuff/3points-test/resources/js/voting.js",
        "statementMap": {
            "0": { "start": { "line": 7, "column": 8 }, "end": { "line": 7, "column": 45 } },
            "1": { "start": { "line": 8, "column": 8 }, "end": { "line": 8, "column": 20 } },
            "2": { "start": { "line": 12, "column": 22 }, "end": { "line": 12, "column": 71 } },
            "3": { "start": { "line": 13, "column": 8 }, "end": { "line": 13, "column": 60 } },
            "4": { "start": { "line": 17, "column": 8 }, "end": { "line": 22, "column": 11 } },
            "5": { "start": { "line": 18, "column": 12 }, "end": { "line": 21, "column": 13 } },
            "6": { "start": { "line": 19, "column": 16 }, "end": { "line": 19, "column": 35 } },
            "7": { "start": { "line": 20, "column": 16 }, "end": { "line": 20, "column": 68 } },
            "8": { "start": { "line": 26, "column": 29 }, "end": { "line": 26, "column": 56 } },
            "9": { "start": { "line": 27, "column": 27 }, "end": { "line": 27, "column": 52 } },
            "10": { "start": { "line": 28, "column": 25 }, "end": { "line": 28, "column": 48 } },
            "11": { "start": { "line": 30, "column": 8 }, "end": { "line": 33, "column": 9 } },
            "12": { "start": { "line": 31, "column": 12 }, "end": { "line": 31, "column": 58 } },
            "13": { "start": { "line": 32, "column": 12 }, "end": { "line": 32, "column": 19 } },
            "14": { "start": { "line": 36, "column": 8 }, "end": { "line": 36, "column": 31 } },
            "15": { "start": { "line": 38, "column": 8 }, "end": { "line": 65, "column": 9 } },
            "16": { "start": { "line": 39, "column": 29 }, "end": { "line": 51, "column": 14 } },
            "17": { "start": { "line": 53, "column": 25 }, "end": { "line": 53, "column": 46 } },
            "18": { "start": { "line": 55, "column": 12 }, "end": { "line": 60, "column": 13 } },
            "19": { "start": { "line": 56, "column": 16 }, "end": { "line": 56, "column": 71 } },
            "20": { "start": { "line": 57, "column": 16 }, "end": { "line": 57, "column": 76 } },
            "21": { "start": { "line": 59, "column": 16 }, "end": { "line": 59, "column": 79 } },
            "22": { "start": { "line": 62, "column": 12 }, "end": { "line": 62, "column": 50 } },
            "23": { "start": { "line": 64, "column": 12 }, "end": { "line": 64, "column": 36 } },
            "24": { "start": { "line": 69, "column": 24 }, "end": { "line": 69, "column": 93 } },
            "25": { "start": { "line": 70, "column": 26 }, "end": { "line": 70, "column": 97 } },
            "26": { "start": { "line": 72, "column": 8 }, "end": { "line": 74, "column": 9 } },
            "27": { "start": { "line": 73, "column": 12 }, "end": { "line": 73, "column": 51 } },
            "28": { "start": { "line": 75, "column": 8 }, "end": { "line": 77, "column": 9 } },
            "29": { "start": { "line": 76, "column": 12 }, "end": { "line": 76, "column": 56 } },
            "30": { "start": { "line": 81, "column": 25 }, "end": { "line": 81, "column": 88 } },
            "31": { "start": { "line": 82, "column": 27 }, "end": { "line": 82, "column": 92 } },
            "32": { "start": { "line": 85, "column": 8 }, "end": { "line": 90, "column": 11 } },
            "33": { "start": { "line": 86, "column": 12 }, "end": { "line": 89, "column": 13 } },
            "34": { "start": { "line": 87, "column": 16 }, "end": { "line": 87, "column": 109 } },
            "35": { "start": { "line": 88, "column": 16 }, "end": { "line": 88, "column": 97 } },
            "36": { "start": { "line": 93, "column": 29 }, "end": { "line": 93, "column": 101 } },
            "37": { "start": { "line": 94, "column": 8 }, "end": { "line": 100, "column": 9 } },
            "38": { "start": { "line": 95, "column": 12 }, "end": { "line": 99, "column": 13 } },
            "39": { "start": { "line": 96, "column": 16 }, "end": { "line": 96, "column": 112 } },
            "40": { "start": { "line": 98, "column": 16 }, "end": { "line": 98, "column": 100 } },
            "41": { "start": { "line": 105, "column": 26 }, "end": { "line": 105, "column": 100 } },
            "42": { "start": { "line": 107, "column": 25 }, "end": { "line": 119, "column": 10 } },
            "43": { "start": { "line": 121, "column": 21 }, "end": { "line": 121, "column": 42 } },
            "44": { "start": { "line": 123, "column": 8 }, "end": { "line": 151, "column": 9 } },
            "45": { "start": { "line": 125, "column": 28 }, "end": { "line": 125, "column": 82 } },
            "46": { "start": { "line": 126, "column": 30 }, "end": { "line": 126, "column": 86 } },
            "47": { "start": { "line": 128, "column": 12 }, "end": { "line": 128, "column": 69 } },
            "48": { "start": { "line": 128, "column": 25 }, "end": { "line": 128, "column": 69 } },
            "49": { "start": { "line": 129, "column": 12 }, "end": { "line": 129, "column": 76 } },
            "50": { "start": { "line": 129, "column": 27 }, "end": { "line": 129, "column": 76 } },
            "51": { "start": { "line": 132, "column": 29 }, "end": { "line": 132, "column": 77 } },
            "52": { "start": { "line": 133, "column": 31 }, "end": { "line": 133, "column": 81 } },
            "53": { "start": { "line": 135, "column": 12 }, "end": { "line": 140, "column": 15 } },
            "54": { "start": { "line": 136, "column": 16 }, "end": { "line": 139, "column": 17 } },
            "55": { "start": { "line": 137, "column": 20 }, "end": { "line": 137, "column": 113 } },
            "56": { "start": { "line": 138, "column": 20 }, "end": { "line": 138, "column": 101 } },
            "57": { "start": { "line": 143, "column": 33 }, "end": { "line": 143, "column": 90 } },
            "58": { "start": { "line": 144, "column": 12 }, "end": { "line": 150, "column": 13 } },
            "59": { "start": { "line": 145, "column": 16 }, "end": { "line": 149, "column": 17 } },
            "60": { "start": { "line": 146, "column": 20 }, "end": { "line": 146, "column": 116 } },
            "61": { "start": { "line": 148, "column": 20 }, "end": { "line": 148, "column": 104 } },
            "62": { "start": { "line": 153, "column": 8 }, "end": { "line": 153, "column": 20 } },
            "63": { "start": { "line": 158, "column": 0 }, "end": { "line": 160, "column": 3 } },
            "64": { "start": { "line": 159, "column": 4 }, "end": { "line": 159, "column": 23 } }
        },
        "fnMap": {
            "0": {
                "name": "(anonymous_0)",
                "decl": { "start": { "line": 6, "column": 4 }, "end": { "line": 6, "column": 5 } },
                "loc": { "start": { "line": 6, "column": 18 }, "end": { "line": 9, "column": 5 } },
                "line": 6
            },
            "1": {
                "name": "(anonymous_1)",
                "decl": { "start": { "line": 11, "column": 4 }, "end": { "line": 11, "column": 5 } },
                "loc": { "start": { "line": 11, "column": 19 }, "end": { "line": 14, "column": 5 } },
                "line": 11
            },
            "2": {
                "name": "(anonymous_2)",
                "decl": { "start": { "line": 16, "column": 4 }, "end": { "line": 16, "column": 5 } },
                "loc": { "start": { "line": 16, "column": 11 }, "end": { "line": 23, "column": 5 } },
                "line": 16
            },
            "3": {
                "name": "(anonymous_3)",
                "decl": { "start": { "line": 17, "column": 43 }, "end": { "line": 17, "column": 44 } },
                "loc": { "start": { "line": 17, "column": 50 }, "end": { "line": 22, "column": 9 } },
                "line": 17
            },
            "4": {
                "name": "(anonymous_4)",
                "decl": { "start": { "line": 25, "column": 4 }, "end": { "line": 25, "column": 5 } },
                "loc": { "start": { "line": 25, "column": 34 }, "end": { "line": 66, "column": 5 } },
                "line": 25
            },
            "5": {
                "name": "(anonymous_5)",
                "decl": { "start": { "line": 68, "column": 4 }, "end": { "line": 68, "column": 5 } },
                "loc": { "start": { "line": 68, "column": 54 }, "end": { "line": 78, "column": 5 } },
                "line": 68
            },
            "6": {
                "name": "(anonymous_6)",
                "decl": { "start": { "line": 80, "column": 4 }, "end": { "line": 80, "column": 5 } },
                "loc": { "start": { "line": 80, "column": 59 }, "end": { "line": 101, "column": 5 } },
                "line": 80
            },
            "7": {
                "name": "(anonymous_7)",
                "decl": { "start": { "line": 85, "column": 39 }, "end": { "line": 85, "column": 40 } },
                "loc": { "start": { "line": 85, "column": 51 }, "end": { "line": 90, "column": 9 } },
                "line": 85
            },
            "8": {
                "name": "(anonymous_8)",
                "decl": { "start": { "line": 104, "column": 4 }, "end": { "line": 104, "column": 5 } },
                "loc": { "start": { "line": 104, "column": 44 }, "end": { "line": 154, "column": 5 } },
                "line": 104
            },
            "9": {
                "name": "(anonymous_9)",
                "decl": { "start": { "line": 135, "column": 43 }, "end": { "line": 135, "column": 44 } },
                "loc": { "start": { "line": 135, "column": 55 }, "end": { "line": 140, "column": 13 } },
                "line": 135
            },
            "10": {
                "name": "(anonymous_10)",
                "decl": { "start": { "line": 158, "column": 46 }, "end": { "line": 158, "column": 47 } },
                "loc": { "start": { "line": 158, "column": 52 }, "end": { "line": 160, "column": 1 } },
                "line": 158
            }
        },
        "branchMap": {
            "0": {
                "loc": { "start": { "line": 13, "column": 15 }, "end": { "line": 13, "column": 59 } },
                "type": "cond-expr",
                "locations": [
                    { "start": { "line": 13, "column": 23 }, "end": { "line": 13, "column": 52 } },
                    { "start": { "line": 13, "column": 55 }, "end": { "line": 13, "column": 59 } }
                ],
                "line": 13
            },
            "1": {
                "loc": { "start": { "line": 18, "column": 12 }, "end": { "line": 21, "column": 13 } },
                "type": "if",
                "locations": [
                    { "start": { "line": 18, "column": 12 }, "end": { "line": 21, "column": 13 } },
                    { "start": {}, "end": {} }
                ],
                "line": 18
            },
            "2": {
                "loc": { "start": { "line": 30, "column": 8 }, "end": { "line": 33, "column": 9 } },
                "type": "if",
                "locations": [
                    { "start": { "line": 30, "column": 8 }, "end": { "line": 33, "column": 9 } },
                    { "start": {}, "end": {} }
                ],
                "line": 30
            },
            "3": {
                "loc": { "start": { "line": 30, "column": 12 }, "end": { "line": 30, "column": 53 } },
                "type": "binary-expr",
                "locations": [
                    { "start": { "line": 30, "column": 12 }, "end": { "line": 30, "column": 25 } },
                    { "start": { "line": 30, "column": 29 }, "end": { "line": 30, "column": 40 } },
                    { "start": { "line": 30, "column": 44 }, "end": { "line": 30, "column": 53 } }
                ],
                "line": 30
            },
            "4": {
                "loc": { "start": { "line": 55, "column": 12 }, "end": { "line": 60, "column": 13 } },
                "type": "if",
                "locations": [
                    { "start": { "line": 55, "column": 12 }, "end": { "line": 60, "column": 13 } },
                    { "start": { "line": 58, "column": 19 }, "end": { "line": 60, "column": 13 } }
                ],
                "line": 55
            },
            "5": {
                "loc": { "start": { "line": 59, "column": 46 }, "end": { "line": 59, "column": 77 } },
                "type": "binary-expr",
                "locations": [
                    { "start": { "line": 59, "column": 46 }, "end": { "line": 59, "column": 58 } },
                    { "start": { "line": 59, "column": 62 }, "end": { "line": 59, "column": 77 } }
                ],
                "line": 59
            },
            "6": {
                "loc": { "start": { "line": 72, "column": 8 }, "end": { "line": 74, "column": 9 } },
                "type": "if",
                "locations": [
                    { "start": { "line": 72, "column": 8 }, "end": { "line": 74, "column": 9 } },
                    { "start": {}, "end": {} }
                ],
                "line": 72
            },
            "7": {
                "loc": { "start": { "line": 72, "column": 12 }, "end": { "line": 72, "column": 53 } },
                "type": "binary-expr",
                "locations": [
                    { "start": { "line": 72, "column": 12 }, "end": { "line": 72, "column": 19 } },
                    { "start": { "line": 72, "column": 23 }, "end": { "line": 72, "column": 53 } }
                ],
                "line": 72
            },
            "8": {
                "loc": { "start": { "line": 75, "column": 8 }, "end": { "line": 77, "column": 9 } },
                "type": "if",
                "locations": [
                    { "start": { "line": 75, "column": 8 }, "end": { "line": 77, "column": 9 } },
                    { "start": {}, "end": {} }
                ],
                "line": 75
            },
            "9": {
                "loc": { "start": { "line": 75, "column": 12 }, "end": { "line": 75, "column": 58 } },
                "type": "binary-expr",
                "locations": [
                    { "start": { "line": 75, "column": 12 }, "end": { "line": 75, "column": 21 } },
                    { "start": { "line": 75, "column": 25 }, "end": { "line": 75, "column": 58 } }
                ],
                "line": 75
            },
            "10": {
                "loc": { "start": { "line": 86, "column": 12 }, "end": { "line": 89, "column": 13 } },
                "type": "if",
                "locations": [
                    { "start": { "line": 86, "column": 12 }, "end": { "line": 89, "column": 13 } },
                    { "start": {}, "end": {} }
                ],
                "line": 86
            },
            "11": {
                "loc": { "start": { "line": 94, "column": 8 }, "end": { "line": 100, "column": 9 } },
                "type": "if",
                "locations": [
                    { "start": { "line": 94, "column": 8 }, "end": { "line": 100, "column": 9 } },
                    { "start": {}, "end": {} }
                ],
                "line": 94
            },
            "12": {
                "loc": { "start": { "line": 95, "column": 12 }, "end": { "line": 99, "column": 13 } },
                "type": "if",
                "locations": [
                    { "start": { "line": 95, "column": 12 }, "end": { "line": 99, "column": 13 } },
                    { "start": { "line": 97, "column": 19 }, "end": { "line": 99, "column": 13 } }
                ],
                "line": 95
            },
            "13": {
                "loc": { "start": { "line": 123, "column": 8 }, "end": { "line": 151, "column": 9 } },
                "type": "if",
                "locations": [
                    { "start": { "line": 123, "column": 8 }, "end": { "line": 151, "column": 9 } },
                    { "start": {}, "end": {} }
                ],
                "line": 123
            },
            "14": {
                "loc": { "start": { "line": 128, "column": 12 }, "end": { "line": 128, "column": 69 } },
                "type": "if",
                "locations": [
                    { "start": { "line": 128, "column": 12 }, "end": { "line": 128, "column": 69 } },
                    { "start": {}, "end": {} }
                ],
                "line": 128
            },
            "15": {
                "loc": { "start": { "line": 128, "column": 47 }, "end": { "line": 128, "column": 68 } },
                "type": "binary-expr",
                "locations": [
                    { "start": { "line": 128, "column": 47 }, "end": { "line": 128, "column": 63 } },
                    { "start": { "line": 128, "column": 67 }, "end": { "line": 128, "column": 68 } }
                ],
                "line": 128
            },
            "16": {
                "loc": { "start": { "line": 129, "column": 12 }, "end": { "line": 129, "column": 76 } },
                "type": "if",
                "locations": [
                    { "start": { "line": 129, "column": 12 }, "end": { "line": 129, "column": 76 } },
                    { "start": {}, "end": {} }
                ],
                "line": 129
            },
            "17": {
                "loc": { "start": { "line": 129, "column": 51 }, "end": { "line": 129, "column": 75 } },
                "type": "binary-expr",
                "locations": [
                    { "start": { "line": 129, "column": 51 }, "end": { "line": 129, "column": 70 } },
                    { "start": { "line": 129, "column": 74 }, "end": { "line": 129, "column": 75 } }
                ],
                "line": 129
            },
            "18": {
                "loc": { "start": { "line": 136, "column": 16 }, "end": { "line": 139, "column": 17 } },
                "type": "if",
                "locations": [
                    { "start": { "line": 136, "column": 16 }, "end": { "line": 139, "column": 17 } },
                    { "start": {}, "end": {} }
                ],
                "line": 136
            },
            "19": {
                "loc": { "start": { "line": 144, "column": 12 }, "end": { "line": 150, "column": 13 } },
                "type": "if",
                "locations": [
                    { "start": { "line": 144, "column": 12 }, "end": { "line": 150, "column": 13 } },
                    { "start": {}, "end": {} }
                ],
                "line": 144
            },
            "20": {
                "loc": { "start": { "line": 145, "column": 16 }, "end": { "line": 149, "column": 17 } },
                "type": "if",
                "locations": [
                    { "start": { "line": 145, "column": 16 }, "end": { "line": 149, "column": 17 } },
                    { "start": { "line": 147, "column": 23 }, "end": { "line": 149, "column": 17 } }
                ],
                "line": 145
            }
        },
        "s": {
            "0": 11,
            "1": 11,
            "2": 11,
            "3": 11,
            "4": 11,
            "5": 0,
            "6": 0,
            "7": 0,
            "8": 6,
            "9": 6,
            "10": 6,
            "11": 6,
            "12": 1,
            "13": 1,
            "14": 5,
            "15": 5,
            "16": 5,
            "17": 4,
            "18": 4,
            "19": 3,
            "20": 3,
            "21": 1,
            "22": 1,
            "23": 5,
            "24": 3,
            "25": 3,
            "26": 3,
            "27": 2,
            "28": 3,
            "29": 2,
            "30": 6,
            "31": 6,
            "32": 6,
            "33": 12,
            "34": 12,
            "35": 12,
            "36": 6,
            "37": 6,
            "38": 6,
            "39": 4,
            "40": 2,
            "41": 1,
            "42": 1,
            "43": 1,
            "44": 1,
            "45": 1,
            "46": 1,
            "47": 1,
            "48": 1,
            "49": 1,
            "50": 1,
            "51": 1,
            "52": 1,
            "53": 1,
            "54": 2,
            "55": 2,
            "56": 2,
            "57": 1,
            "58": 1,
            "59": 1,
            "60": 1,
            "61": 0,
            "62": 1,
            "63": 1,
            "64": 0
        },
        "f": { "0": 11, "1": 11, "2": 11, "3": 0, "4": 6, "5": 3, "6": 6, "7": 12, "8": 1, "9": 2, "10": 0 },
        "b": {
            "0": [9, 2],
            "1": [0, 0],
            "2": [1, 5],
            "3": [6, 5, 5],
            "4": [3, 1],
            "5": [1, 0],
            "6": [2, 1],
            "7": [3, 3],
            "8": [2, 1],
            "9": [3, 3],
            "10": [12, 0],
            "11": [6, 0],
            "12": [4, 2],
            "13": [1, 0],
            "14": [1, 0],
            "15": [1, 0],
            "16": [1, 0],
            "17": [1, 0],
            "18": [2, 0],
            "19": [1, 0],
            "20": [1, 0]
        },
        "_coverageSchema": "1a1c01bbd47fc00a2c39e90264f33305004495a9",
        "hash": "57c04d91b4fac1933a90a7d5c382b9f6c0daffca"
    }
}
