TN:
SF:resources/js/app.js
FNF:0
FNH:0
LF:0
LH:0
BRF:0
BRH:0
end_of_record
TN:
SF:resources/js/comments.js
FN:6,(anonymous_0)
FN:11,(anonymous_1)
FN:16,(anonymous_2)
FN:20,(anonymous_3)
FN:24,(anonymous_4)
FN:71,(anonymous_5)
FN:73,(anonymous_6)
FN:78,(anonymous_7)
FN:85,(anonymous_8)
FN:119,(anonymous_9)
FN:124,(anonymous_10)
FN:130,(anonymous_11)
FNF:12
FNH:8
FNDA:15,(anonymous_0)
FNDA:15,(anonymous_1)
FNDA:15,(anonymous_2)
FNDA:0,(anonymous_3)
FNDA:6,(anonymous_4)
FNDA:3,(anonymous_5)
FNDA:4,(anonymous_6)
FNDA:3,(anonymous_7)
FNDA:4,(anonymous_8)
FNDA:0,(anonymous_9)
FNDA:0,(anonymous_10)
FNDA:0,(anonymous_11)
DA:7,15
DA:8,15
DA:12,15
DA:13,15
DA:18,15
DA:19,15
DA:20,6
DA:25,6
DA:27,6
DA:28,6
DA:29,6
DA:31,6
DA:32,1
DA:35,5
DA:36,5
DA:46,4
DA:48,4
DA:50,3
DA:51,3
DA:52,3
DA:56,3
DA:57,2
DA:60,3
DA:62,1
DA:63,1
DA:66,1
DA:67,1
DA:72,3
DA:73,3
DA:74,4
DA:79,3
DA:80,3
DA:81,2
DA:86,4
DA:87,1
DA:90,3
DA:91,3
DA:99,2
DA:101,2
DA:102,1
DA:103,1
DA:104,1
DA:106,1
DA:108,1
DA:109,1
DA:112,1
DA:113,1
DA:119,1
DA:120,0
DA:121,0
DA:124,1
DA:125,0
DA:126,0
DA:130,1
DA:131,0
LF:55
LH:50
BRDA:13,0,0,14
BRDA:13,0,1,1
BRDA:19,1,0,6
BRDA:19,1,1,9
BRDA:31,2,0,1
BRDA:31,2,1,5
BRDA:31,3,0,6
BRDA:31,3,1,5
BRDA:48,4,0,3
BRDA:48,4,1,1
BRDA:51,5,0,3
BRDA:51,5,1,0
BRDA:56,6,0,2
BRDA:56,6,1,1
BRDA:62,7,0,1
BRDA:62,7,1,0
BRDA:80,8,0,2
BRDA:80,8,1,1
BRDA:86,9,0,1
BRDA:86,9,1,3
BRDA:101,10,0,1
BRDA:101,10,1,1
BRDA:103,11,0,1
BRDA:103,11,1,0
BRDA:108,12,0,1
BRDA:108,12,1,0
BRF:26
BRH:22
end_of_record
TN:
SF:resources/js/voting.js
FN:6,(anonymous_0)
FN:11,(anonymous_1)
FN:16,(anonymous_2)
FN:17,(anonymous_3)
FN:25,(anonymous_4)
FN:68,(anonymous_5)
FN:80,(anonymous_6)
FN:85,(anonymous_7)
FN:104,(anonymous_8)
FN:135,(anonymous_9)
FN:158,(anonymous_10)
FNF:11
FNH:9
FNDA:11,(anonymous_0)
FNDA:11,(anonymous_1)
FNDA:11,(anonymous_2)
FNDA:0,(anonymous_3)
FNDA:6,(anonymous_4)
FNDA:3,(anonymous_5)
FNDA:6,(anonymous_6)
FNDA:12,(anonymous_7)
FNDA:1,(anonymous_8)
FNDA:2,(anonymous_9)
FNDA:0,(anonymous_10)
DA:7,11
DA:8,11
DA:12,11
DA:13,11
DA:17,11
DA:18,0
DA:19,0
DA:20,0
DA:26,6
DA:27,6
DA:28,6
DA:30,6
DA:31,1
DA:32,1
DA:36,5
DA:38,5
DA:39,5
DA:53,4
DA:55,4
DA:56,3
DA:57,3
DA:59,1
DA:62,1
DA:64,5
DA:69,3
DA:70,3
DA:72,3
DA:73,2
DA:75,3
DA:76,2
DA:81,6
DA:82,6
DA:85,6
DA:86,12
DA:87,12
DA:88,12
DA:93,6
DA:94,6
DA:95,6
DA:96,4
DA:98,2
DA:105,1
DA:107,1
DA:121,1
DA:123,1
DA:125,1
DA:126,1
DA:128,1
DA:129,1
DA:132,1
DA:133,1
DA:135,1
DA:136,2
DA:137,2
DA:138,2
DA:143,1
DA:144,1
DA:145,1
DA:146,1
DA:148,0
DA:153,1
DA:158,1
DA:159,0
LF:63
LH:58
BRDA:13,0,0,9
BRDA:13,0,1,2
BRDA:18,1,0,0
BRDA:18,1,1,0
BRDA:30,2,0,1
BRDA:30,2,1,5
BRDA:30,3,0,6
BRDA:30,3,1,5
BRDA:30,3,2,5
BRDA:55,4,0,3
BRDA:55,4,1,1
BRDA:59,5,0,1
BRDA:59,5,1,0
BRDA:72,6,0,2
BRDA:72,6,1,1
BRDA:72,7,0,3
BRDA:72,7,1,3
BRDA:75,8,0,2
BRDA:75,8,1,1
BRDA:75,9,0,3
BRDA:75,9,1,3
BRDA:86,10,0,12
BRDA:86,10,1,0
BRDA:94,11,0,6
BRDA:94,11,1,0
BRDA:95,12,0,4
BRDA:95,12,1,2
BRDA:123,13,0,1
BRDA:123,13,1,0
BRDA:128,14,0,1
BRDA:128,14,1,0
BRDA:128,15,0,1
BRDA:128,15,1,0
BRDA:129,16,0,1
BRDA:129,16,1,0
BRDA:129,17,0,1
BRDA:129,17,1,0
BRDA:136,18,0,2
BRDA:136,18,1,0
BRDA:144,19,0,1
BRDA:144,19,1,0
BRDA:145,20,0,1
BRDA:145,20,1,0
BRF:43
BRH:30
end_of_record
